{"/Users/sarmay/Desktop/kaz-webime/lib/index.js":{"path":"/Users/sarmay/Desktop/kaz-webime/lib/index.js","s":{"1":1,"2":1},"b":{},"f":{},"fnMap":{},"statementMap":{"1":{"start":{"line":3,"column":0},"end":{"line":3,"column":33}},"2":{"start":{"line":4,"column":0},"end":{"line":4,"column":24}}},"branchMap":{}},"/Users/sarmay/Desktop/kaz-webime/lib/webIME.js":{"path":"/Users/sarmay/Desktop/kaz-webime/lib/webIME.js","s":{"1":1,"2":1,"3":1,"4":1,"5":1,"6":0,"7":1,"8":1,"9":1,"10":1,"11":1,"12":1,"13":1,"14":1,"15":1},"b":{"1":[0,1],"2":[1,1,1],"3":[1,0],"4":[1,1,1,1]},"f":{"1":1},"fnMap":{"1":{"name":"keydownHandel","line":5,"loc":{"start":{"line":5,"column":20},"end":{"line":5,"column":56}}}},"statementMap":{"1":{"start":{"line":3,"column":0},"end":{"line":3,"column":46}},"2":{"start":{"line":5,"column":0},"end":{"line":21,"column":2}},"3":{"start":{"line":6,"column":2},"end":{"line":6,"column":43}},"4":{"start":{"line":7,"column":2},"end":{"line":7,"column":31}},"5":{"start":{"line":8,"column":2},"end":{"line":10,"column":3}},"6":{"start":{"line":9,"column":4},"end":{"line":9,"column":40}},"7":{"start":{"line":11,"column":2},"end":{"line":11,"column":22}},"8":{"start":{"line":13,"column":2},"end":{"line":13,"column":82}},"9":{"start":{"line":14,"column":2},"end":{"line":14,"column":20}},"10":{"start":{"line":15,"column":2},"end":{"line":19,"column":3}},"11":{"start":{"line":16,"column":4},"end":{"line":16,"column":27}},"12":{"start":{"line":17,"column":4},"end":{"line":17,"column":30}},"13":{"start":{"line":18,"column":4},"end":{"line":18,"column":66}},"14":{"start":{"line":20,"column":2},"end":{"line":20,"column":18}},"15":{"start":{"line":23,"column":0},"end":{"line":23,"column":31}}},"branchMap":{"1":{"line":8,"type":"if","locations":[{"start":{"line":8,"column":2},"end":{"line":8,"column":2}},{"start":{"line":8,"column":2},"end":{"line":8,"column":2}}]},"2":{"line":8,"type":"binary-expr","locations":[{"start":{"line":8,"column":6},"end":{"line":8,"column":12}},{"start":{"line":8,"column":16},"end":{"line":8,"column":21}},{"start":{"line":8,"column":25},"end":{"line":8,"column":54}}]},"3":{"line":15,"type":"if","locations":[{"start":{"line":15,"column":2},"end":{"line":15,"column":2}},{"start":{"line":15,"column":2},"end":{"line":15,"column":2}}]},"4":{"line":15,"type":"binary-expr","locations":[{"start":{"line":15,"column":6},"end":{"line":15,"column":12}},{"start":{"line":15,"column":16},"end":{"line":15,"column":30}},{"start":{"line":15,"column":34},"end":{"line":15,"column":48}},{"start":{"line":15,"column":52},"end":{"line":15,"column":65}}]}}},"/Users/sarmay/Desktop/kaz-webime/lib/keyboardLangs.js":{"path":"/Users/sarmay/Desktop/kaz-webime/lib/keyboardLangs.js","s":{"1":1,"2":1},"b":{},"f":{},"fnMap":{},"statementMap":{"1":{"start":{"line":3,"column":0},"end":{"line":291,"column":2}},"2":{"start":{"line":292,"column":0},"end":{"line":292,"column":23}}},"branchMap":{}}}