{"/Users/sarmay/Desktop/kaz-webime/index.js":{"path":"/Users/sarmay/Desktop/kaz-webime/index.js","s":{"1":1,"2":0,"3":1},"b":{"1":[0,1]},"f":{},"fnMap":{},"statementMap":{"1":{"start":{"line":1,"column":0},"end":{"line":5,"column":1}},"2":{"start":{"line":2,"column":2},"end":{"line":2,"column":49}},"3":{"start":{"line":4,"column":2},"end":{"line":4,"column":45}}},"branchMap":{"1":{"line":1,"type":"if","locations":[{"start":{"line":1,"column":0},"end":{"line":1,"column":0}},{"start":{"line":1,"column":0},"end":{"line":1,"column":0}}]}}},"/Users/sarmay/Desktop/kaz-webime/dist/index.js":{"path":"/Users/sarmay/Desktop/kaz-webime/dist/index.js","s":{"1":1,"2":1,"3":1,"4":0,"5":0,"6":0,"7":0,"8":0,"9":1,"10":1,"11":1,"12":1,"13":1,"14":1,"15":1,"16":1,"17":0,"18":1,"19":1,"20":1,"21":1,"22":1,"23":1,"24":1,"25":1,"26":1,"27":1,"28":2,"29":1,"30":1,"31":1,"32":1,"33":1,"34":1,"35":1,"36":1,"37":1,"38":1,"39":1,"40":1,"41":1,"42":2,"43":2,"44":2,"45":0,"46":2,"47":2,"48":2,"49":2,"50":2,"51":2,"52":2,"53":2,"54":1,"55":1},"b":{"1":[1,0],"2":[1,1],"3":[0,0],"4":[0,0],"5":[0,0],"6":[0,1],"7":[1,0],"8":[1,1],"9":[1,0],"10":[1,1],"11":[0,2],"12":[2,2,2],"13":[2,0],"14":[2,2,2,2]},"f":{"1":1,"2":1,"3":1,"4":2},"fnMap":{"1":{"name":"webpackUniversalModuleDefinition","line":1,"loc":{"start":{"line":1,"column":1},"end":{"line":1,"column":58}}},"2":{"name":"(anonymous_2)","line":10,"loc":{"start":{"line":10,"column":9},"end":{"line":10,"column":20}}},"3":{"name":"__webpack_require__","line":316,"loc":{"start":{"line":316,"column":10},"end":{"line":316,"column":49}}},"4":{"name":"webIME","line":376,"loc":{"start":{"line":376,"column":0},"end":{"line":376,"column":30}}}},"statementMap":{"1":{"start":{"line":1,"column":0},"end":{"line":399,"column":3}},"2":{"start":{"line":2,"column":1},"end":{"line":9,"column":32}},"3":{"start":{"line":3,"column":2},"end":{"line":3,"column":29}},"4":{"start":{"line":4,"column":6},"end":{"line":9,"column":32}},"5":{"start":{"line":5,"column":2},"end":{"line":5,"column":22}},"6":{"start":{"line":6,"column":6},"end":{"line":9,"column":32}},"7":{"start":{"line":7,"column":2},"end":{"line":7,"column":35}},"8":{"start":{"line":9,"column":2},"end":{"line":9,"column":32}},"9":{"start":{"line":11,"column":0},"end":{"line":398,"column":1}},"10":{"start":{"line":12,"column":10},"end":{"line":310,"column":13}},"11":{"start":{"line":17,"column":0},"end":{"line":305,"column":1}},"12":{"start":{"line":306,"column":0},"end":{"line":306,"column":22}},"13":{"start":{"line":313,"column":10},"end":{"line":313,"column":44}},"14":{"start":{"line":316,"column":10},"end":{"line":334,"column":11}},"15":{"start":{"line":318,"column":11},"end":{"line":318,"column":65}},"16":{"start":{"line":319,"column":11},"end":{"line":321,"column":12}},"17":{"start":{"line":320,"column":12},"end":{"line":320,"column":40}},"18":{"start":{"line":323,"column":11},"end":{"line":327,"column":13}},"19":{"start":{"line":330,"column":11},"end":{"line":330,"column":86}},"20":{"start":{"line":333,"column":11},"end":{"line":333,"column":33}},"21":{"start":{"line":338,"column":10},"end":{"line":347,"column":15}},"22":{"start":{"line":340,"column":11},"end":{"line":346,"column":13}},"23":{"start":{"line":341,"column":12},"end":{"line":345,"column":13}},"24":{"start":{"line":342,"column":13},"end":{"line":344,"column":14}},"25":{"start":{"line":343,"column":14},"end":{"line":343,"column":94}},"26":{"start":{"line":350,"column":10},"end":{"line":352,"column":15}},"27":{"start":{"line":351,"column":11},"end":{"line":351,"column":99}},"28":{"start":{"line":351,"column":51},"end":{"line":351,"column":98}},"29":{"start":{"line":355,"column":10},"end":{"line":363,"column":15}},"30":{"start":{"line":357,"column":11},"end":{"line":362,"column":13}},"31":{"start":{"line":358,"column":12},"end":{"line":360,"column":13}},"32":{"start":{"line":359,"column":13},"end":{"line":359,"column":85}},"33":{"start":{"line":361,"column":12},"end":{"line":361,"column":74}},"34":{"start":{"line":366,"column":0},"end":{"line":366,"column":29}},"35":{"start":{"line":368,"column":0},"end":{"line":393,"column":5}},"36":{"start":{"line":369,"column":0},"end":{"line":369,"column":13}},"37":{"start":{"line":370,"column":0},"end":{"line":370,"column":43}},"38":{"start":{"line":371,"column":21},"end":{"line":373,"column":24}},"39":{"start":{"line":372,"column":55},"end":{"line":372,"column":61}},"40":{"start":{"line":374,"column":0},"end":{"line":374,"column":43}},"41":{"start":{"line":376,"column":0},"end":{"line":391,"column":1}},"42":{"start":{"line":377,"column":2},"end":{"line":377,"column":44}},"43":{"start":{"line":378,"column":2},"end":{"line":378,"column":32}},"44":{"start":{"line":379,"column":2},"end":{"line":381,"column":3}},"45":{"start":{"line":380,"column":4},"end":{"line":380,"column":39}},"46":{"start":{"line":382,"column":2},"end":{"line":382,"column":23}},"47":{"start":{"line":383,"column":2},"end":{"line":383,"column":83}},"48":{"start":{"line":384,"column":2},"end":{"line":384,"column":19}},"49":{"start":{"line":385,"column":2},"end":{"line":389,"column":3}},"50":{"start":{"line":386,"column":4},"end":{"line":386,"column":26}},"51":{"start":{"line":387,"column":4},"end":{"line":387,"column":29}},"52":{"start":{"line":388,"column":4},"end":{"line":388,"column":65}},"53":{"start":{"line":390,"column":2},"end":{"line":390,"column":17}},"54":{"start":{"line":395,"column":0},"end":{"line":395,"column":50}},"55":{"start":{"line":396,"column":10},"end":{"line":396,"column":37}}},"branchMap":{"1":{"line":2,"type":"if","locations":[{"start":{"line":2,"column":1},"end":{"line":2,"column":1}},{"start":{"line":2,"column":1},"end":{"line":2,"column":1}}]},"2":{"line":2,"type":"binary-expr","locations":[{"start":{"line":2,"column":4},"end":{"line":2,"column":31}},{"start":{"line":2,"column":35},"end":{"line":2,"column":61}}]},"3":{"line":4,"type":"if","locations":[{"start":{"line":4,"column":6},"end":{"line":4,"column":6}},{"start":{"line":4,"column":6},"end":{"line":4,"column":6}}]},"4":{"line":4,"type":"binary-expr","locations":[{"start":{"line":4,"column":9},"end":{"line":4,"column":37}},{"start":{"line":4,"column":41},"end":{"line":4,"column":51}}]},"5":{"line":6,"type":"if","locations":[{"start":{"line":6,"column":6},"end":{"line":6,"column":6}},{"start":{"line":6,"column":6},"end":{"line":6,"column":6}}]},"6":{"line":319,"type":"if","locations":[{"start":{"line":319,"column":11},"end":{"line":319,"column":11}},{"start":{"line":319,"column":11},"end":{"line":319,"column":11}}]},"7":{"line":342,"type":"if","locations":[{"start":{"line":342,"column":13},"end":{"line":342,"column":13}},{"start":{"line":342,"column":13},"end":{"line":342,"column":13}}]},"8":{"line":342,"type":"binary-expr","locations":[{"start":{"line":342,"column":16},"end":{"line":342,"column":54}},{"start":{"line":342,"column":58},"end":{"line":342,"column":94}}]},"9":{"line":358,"type":"if","locations":[{"start":{"line":358,"column":12},"end":{"line":358,"column":12}},{"start":{"line":358,"column":12},"end":{"line":358,"column":12}}]},"10":{"line":358,"type":"binary-expr","locations":[{"start":{"line":358,"column":15},"end":{"line":358,"column":44}},{"start":{"line":358,"column":48},"end":{"line":358,"column":66}}]},"11":{"line":379,"type":"if","locations":[{"start":{"line":379,"column":2},"end":{"line":379,"column":2}},{"start":{"line":379,"column":2},"end":{"line":379,"column":2}}]},"12":{"line":379,"type":"binary-expr","locations":[{"start":{"line":379,"column":6},"end":{"line":379,"column":12}},{"start":{"line":379,"column":16},"end":{"line":379,"column":21}},{"start":{"line":379,"column":25},"end":{"line":379,"column":54}}]},"13":{"line":385,"type":"if","locations":[{"start":{"line":385,"column":2},"end":{"line":385,"column":2}},{"start":{"line":385,"column":2},"end":{"line":385,"column":2}}]},"14":{"line":385,"type":"binary-expr","locations":[{"start":{"line":385,"column":6},"end":{"line":385,"column":12}},{"start":{"line":385,"column":16},"end":{"line":385,"column":30}},{"start":{"line":385,"column":34},"end":{"line":385,"column":48}},{"start":{"line":385,"column":52},"end":{"line":385,"column":65}}]}}}}