TN:
SF:/Users/sarmay/Desktop/kaz-webime/lib/index.js
FNF:0
FNH:0
DA:3,1
DA:4,1
LF:2
LH:2
BRF:0
BRH:0
end_of_record
TN:
SF:/Users/sarmay/Desktop/kaz-webime/lib/webIME.js
FN:5,keydownHandel
FNF:1
FNH:1
FNDA:1,keydownHandel
DA:3,1
DA:5,1
DA:6,1
DA:7,1
DA:8,1
DA:9,0
DA:11,1
DA:13,1
DA:14,1
DA:15,1
DA:16,1
DA:17,1
DA:18,1
DA:20,1
DA:23,1
LF:15
LH:14
BRDA:8,1,0,0
BRDA:8,1,1,1
BRDA:8,2,0,1
BRDA:8,2,1,1
BRDA:8,2,2,1
BRDA:15,3,0,1
BRDA:15,3,1,0
BRDA:15,4,0,1
BRDA:15,4,1,1
BRDA:15,4,2,1
BRDA:15,4,3,1
BRF:11
BRH:9
end_of_record
TN:
SF:/Users/sarmay/Desktop/kaz-webime/lib/keyboardLangs.js
FNF:0
FNH:0
DA:3,1
DA:292,1
LF:2
LH:2
BRF:0
BRH:0
end_of_record
