TN:
SF:/Users/sarmay/Desktop/kaz-webime/index.js
FNF:0
FNH:0
DA:1,1
DA:2,0
DA:4,1
LF:3
LH:2
BRDA:1,1,0,0
BRDA:1,1,1,1
BRF:2
BRH:1
end_of_record
TN:
SF:/Users/sarmay/Desktop/kaz-webime/dist/index.js
FN:1,webpackUniversalModuleDefinition
FN:10,(anonymous_2)
FN:316,__webpack_require__
FN:376,webIME
FNF:4
FNH:4
FNDA:1,webpackUniversalModuleDefinition
FNDA:1,(anonymous_2)
FNDA:1,__webpack_require__
FNDA:2,webIME
DA:1,1
DA:2,1
DA:3,1
DA:4,0
DA:5,0
DA:6,0
DA:7,0
DA:9,0
DA:11,1
DA:12,1
DA:17,1
DA:306,1
DA:313,1
DA:316,1
DA:318,1
DA:319,1
DA:320,0
DA:323,1
DA:330,1
DA:333,1
DA:338,1
DA:340,1
DA:341,1
DA:342,1
DA:343,1
DA:350,1
DA:351,2
DA:355,1
DA:357,1
DA:358,1
DA:359,1
DA:361,1
DA:366,1
DA:368,1
DA:369,1
DA:370,1
DA:371,1
DA:372,1
DA:374,1
DA:376,1
DA:377,2
DA:378,2
DA:379,2
DA:380,0
DA:382,2
DA:383,2
DA:384,2
DA:385,2
DA:386,2
DA:387,2
DA:388,2
DA:390,2
DA:395,1
DA:396,1
LF:54
LH:47
BRDA:2,1,0,1
BRDA:2,1,1,0
BRDA:2,2,0,1
BRDA:2,2,1,1
BRDA:4,3,0,0
BRDA:4,3,1,0
BRDA:4,4,0,0
BRDA:4,4,1,0
BRDA:6,5,0,0
BRDA:6,5,1,0
BRDA:319,6,0,0
BRDA:319,6,1,1
BRDA:342,7,0,1
BRDA:342,7,1,0
BRDA:342,8,0,1
BRDA:342,8,1,1
BRDA:358,9,0,1
BRDA:358,9,1,0
BRDA:358,10,0,1
BRDA:358,10,1,1
BRDA:379,11,0,0
BRDA:379,11,1,2
BRDA:379,12,0,2
BRDA:379,12,1,2
BRDA:379,12,2,2
BRDA:385,13,0,2
BRDA:385,13,1,0
BRDA:385,14,0,2
BRDA:385,14,1,2
BRDA:385,14,2,2
BRDA:385,14,3,2
BRF:31
BRH:19
end_of_record
